[2025-10-27 19:35:29,037: INFO: main: Loggign is implemented]
[2025-10-29 22:52:57,041: INFO: common: yaml file: config\config.yaml loaded successfully]
[2025-10-29 22:52:57,041: INFO: common: yaml file: params.yaml loaded successfully]
[2025-10-29 22:54:41,566: INFO: common: yaml file: config\config.yaml loaded successfully]
[2025-10-29 22:54:41,566: INFO: common: yaml file: params.yaml loaded successfully]
[2025-10-29 22:58:03,538: INFO: common: yaml file: config\config.yaml loaded successfully]
[2025-10-29 22:58:03,543: INFO: common: yaml file: params.yaml loaded successfully]
[2025-10-29 22:58:03,845: INFO: common: created directory at: artifacts]
[2025-10-29 22:58:03,854: INFO: common: created directory at: artifacts/data_ingestion]
[2025-10-29 22:58:09,054: INFO: 227420655: File is downloaded]
[2025-10-30 20:14:44,106: INFO: main: stage Data Ingestion stage initiated]
[2025-10-30 20:14:44,143: INFO: common: yaml file: config\config.yaml loaded successfully]
[2025-10-30 20:14:44,147: INFO: common: yaml file: params.yaml loaded successfully]
[2025-10-30 20:14:44,147: INFO: common: created directory at: artifacts]
[2025-10-30 20:14:44,156: INFO: common: created directory at: artifacts/data_ingestion]
[2025-10-30 20:14:48,870: INFO: data_ingestion: File is downloaded]
[2025-10-30 20:14:49,264: INFO: main: Stage Data Ingestion stage Completed]
[2025-10-30 20:48:41,448: INFO: common: yaml file: config\config.yaml loaded successfully]
[2025-10-30 20:48:41,775: INFO: common: yaml file: params.yaml loaded successfully]
[2025-10-30 20:48:41,775: INFO: common: created directory at: artifacts]
[2025-10-30 20:48:41,810: INFO: common: created directory at: artifacts/data_transformation]
[2025-10-30 22:07:20,184: INFO: main: stage Data Ingestion stage initiated]
[2025-10-30 22:07:20,247: INFO: common: yaml file: config\config.yaml loaded successfully]
[2025-10-30 22:07:20,269: INFO: common: yaml file: params.yaml loaded successfully]
[2025-10-30 22:07:20,277: INFO: common: created directory at: artifacts]
[2025-10-30 22:07:20,286: INFO: common: created directory at: artifacts/data_ingestion]
[2025-10-30 22:07:20,296: INFO: data_ingestion: File already exits]
[2025-10-30 22:07:20,914: INFO: main: Stage Data Ingestion stage Completed]
[2025-10-30 22:07:20,945: INFO: main: stage Data Transformation stage initiated]
[2025-10-30 22:07:20,945: INFO: common: yaml file: config\config.yaml loaded successfully]
[2025-10-30 22:07:20,961: INFO: common: yaml file: params.yaml loaded successfully]
[2025-10-30 22:07:20,961: INFO: common: created directory at: artifacts]
[2025-10-30 22:07:20,966: INFO: common: created directory at: artifacts/data_transformation]
[2025-10-30 22:07:31,468: INFO: main: Stage Data Transformation stage Completed]
[2025-10-30 22:59:29,722: INFO: common: yaml file: config\config.yaml loaded successfully]
[2025-10-30 22:59:29,737: INFO: common: yaml file: params.yaml loaded successfully]
[2025-10-30 22:59:29,739: INFO: common: created directory at: artifacts]
[2025-10-30 22:59:29,739: INFO: common: created directory at: artifacts/model_trainer]
[2025-10-30 22:59:36,517: WARNING: file_download: Xet Storage is enabled for this repo, but the 'hf_xet' package is not installed. Falling back to regular HTTP download. For better performance, install the package with: `pip install huggingface_hub[hf_xet]` or `pip install hf_xet`]
[2025-11-01 17:57:59,009: INFO: common: yaml file: config\config.yaml loaded successfully]
[2025-11-01 17:57:59,053: INFO: common: yaml file: params.yaml loaded successfully]
[2025-11-01 17:57:59,053: INFO: common: created directory at: artifacts]
[2025-11-01 17:57:59,080: INFO: common: created directory at: artifacts/model_evaluation]
[2025-11-01 18:01:39,313: INFO: rouge_scorer: Using default tokenizer.]
[2025-11-01 18:55:14,877: INFO: server: Started server process [6240]]
[2025-11-01 18:55:14,893: INFO: on: Waiting for application startup.]
[2025-11-01 18:55:14,893: INFO: on: Application startup complete.]
[2025-11-01 18:55:14,893: INFO: server: Uvicorn running on http://0.0.0.0:8080 (Press CTRL+C to quit)]
[2025-11-01 18:57:06,257: INFO: common: yaml file: config\config.yaml loaded successfully]
[2025-11-01 18:57:06,265: INFO: common: yaml file: params.yaml loaded successfully]
[2025-11-01 18:57:06,265: INFO: common: created directory at: artifacts]
[2025-11-01 18:57:06,297: INFO: common: created directory at: artifacts/model_evaluation]
[2025-11-01 19:19:19,609: INFO: server: Started server process [7744]]
[2025-11-01 19:19:19,609: INFO: on: Waiting for application startup.]
[2025-11-01 19:19:19,609: INFO: on: Application startup complete.]
[2025-11-01 19:19:19,609: INFO: server: Uvicorn running on http://0.0.0.0:8080 (Press CTRL+C to quit)]
[2025-11-01 19:20:21,520: INFO: common: yaml file: config\config.yaml loaded successfully]
[2025-11-01 19:20:21,520: INFO: common: yaml file: params.yaml loaded successfully]
[2025-11-01 19:20:21,525: INFO: common: created directory at: artifacts]
[2025-11-01 19:20:21,525: INFO: common: created directory at: artifacts/model_evaluation]
[2025-11-01 19:31:23,223: INFO: server: Started server process [17744]]
[2025-11-01 19:31:23,223: INFO: on: Waiting for application startup.]
[2025-11-01 19:31:23,223: INFO: on: Application startup complete.]
[2025-11-01 19:31:23,223: INFO: server: Uvicorn running on http://127.0.0.1:8080 (Press CTRL+C to quit)]
[2025-11-01 19:32:07,129: INFO: common: yaml file: config\config.yaml loaded successfully]
[2025-11-01 19:32:07,131: INFO: common: yaml file: params.yaml loaded successfully]
[2025-11-01 19:32:07,170: INFO: common: created directory at: artifacts]
[2025-11-01 19:32:07,170: INFO: common: created directory at: artifacts/model_evaluation]
[2025-11-01 19:38:50,070: INFO: server: Started server process [23628]]
[2025-11-01 19:38:50,070: INFO: on: Waiting for application startup.]
[2025-11-01 19:38:50,070: INFO: on: Application startup complete.]
[2025-11-01 19:38:50,070: INFO: server: Uvicorn running on http://127.0.0.1:8080 (Press CTRL+C to quit)]
[2025-11-01 19:39:39,867: INFO: server: Shutting down]
[2025-11-01 19:39:39,972: INFO: on: Waiting for application shutdown.]
[2025-11-01 19:39:39,972: INFO: on: Application shutdown complete.]
[2025-11-01 19:39:39,972: INFO: server: Finished server process [23628]]
[2025-11-01 19:41:18,033: INFO: server: Started server process [12068]]
[2025-11-01 19:41:18,033: INFO: on: Waiting for application startup.]
[2025-11-01 19:41:18,048: INFO: on: Application startup complete.]
[2025-11-01 19:41:18,048: INFO: server: Uvicorn running on http://127.0.0.1:8080 (Press CTRL+C to quit)]
[2025-11-01 19:43:46,073: INFO: common: yaml file: config\config.yaml loaded successfully]
[2025-11-01 19:43:46,081: INFO: common: yaml file: params.yaml loaded successfully]
[2025-11-01 19:43:46,081: INFO: common: created directory at: artifacts]
[2025-11-01 19:43:46,081: INFO: common: created directory at: artifacts/model_evaluation]
